2026-05-10 04:22:44 | INFO     | src.tasks:<module>:22 - Celery приложение инициализировано с брокером: redis://backend-redis:6379/0
2026-05-10 04:22:44 | INFO     | src.app:<module>:54 - Приложение FastAPI инициализировано
2026-05-10 04:37:16 | INFO     | src.tasks:<module>:23 - Celery приложение инициализировано с брокером: redis://backend-redis:6379/0
2026-05-10 04:37:16 | INFO     | src.main:create_app:36 - Приложение FastAPI собрано (роутеры подключены)
2026-05-10 04:42:07 | INFO     | src.tasks:<module>:19 - Celery приложение инициализировано с брокером: redis://backend-redis:6379/0
2026-05-10 04:42:07 | INFO     | src.main:create_app:32 - Приложение FastAPI собрано (роутеры подключены)
2026-05-10 04:51:23 | INFO     | src.tasks:<module>:19 - Celery приложение инициализировано с брокером: redis://backend-redis:6379/0
2026-05-10 04:51:23 | INFO     | src.main:create_app:32 - Приложение FastAPI собрано (роутеры подключены)
2026-05-10 04:51:23 | INFO     | src.main:create_app:32 - Приложение FastAPI собрано (роутеры подключены)
2026-05-10 04:51:23 | INFO     | src.main:create_app:32 - Приложение FastAPI собрано (роутеры подключены)
2026-05-10 04:51:23 | INFO     | src.main:create_app:32 - Приложение FastAPI собрано (роутеры подключены)
2026-05-10 04:51:23 | INFO     | src.main:create_app:32 - Приложение FastAPI собрано (роутеры подключены)
2026-05-10 04:51:23 | INFO     | src.main:create_app:32 - Приложение FastAPI собрано (роутеры подключены)
2026-05-10 04:51:23 | INFO     | src.main:create_app:32 - Приложение FastAPI собрано (роутеры подключены)
2026-05-10 04:51:23 | INFO     | src.main:create_app:32 - Приложение FastAPI собрано (роутеры подключены)
2026-05-10 04:51:23 | INFO     | src.main:create_app:32 - Приложение FastAPI собрано (роутеры подключены)
2026-05-10 04:51:24 | INFO     | src.main:create_app:32 - Приложение FastAPI собрано (роутеры подключены)
2026-05-10 04:51:24 | INFO     | src.main:create_app:32 - Приложение FastAPI собрано (роутеры подключены)
2026-05-10 04:51:24 | INFO     | src.main:create_app:32 - Приложение FastAPI собрано (роутеры подключены)
2026-05-10 04:51:24 | INFO     | src.main:create_app:32 - Приложение FastAPI собрано (роутеры подключены)
2026-05-10 04:51:24 | INFO     | src.main:create_app:32 - Приложение FastAPI собрано (роутеры подключены)
2026-05-10 04:51:24 | INFO     | src.main:create_app:32 - Приложение FastAPI собрано (роутеры подключены)
2026-05-10 04:51:24 | INFO     | src.main:create_app:32 - Приложение FastAPI собрано (роутеры подключены)
2026-05-10 04:51:24 | INFO     | src.main:create_app:32 - Приложение FastAPI собрано (роутеры подключены)
2026-05-10 04:51:24 | INFO     | src.main:create_app:32 - Приложение FastAPI собрано (роутеры подключены)
2026-05-10 04:51:24 | INFO     | src.main:create_app:32 - Приложение FastAPI собрано (роутеры подключены)
2026-05-10 04:51:30 | INFO     | src.tasks:<module>:19 - Celery приложение инициализировано с брокером: redis://backend-redis:6379/0
2026-05-10 04:51:30 | INFO     | src.main:create_app:32 - Приложение FastAPI собрано (роутеры подключены)
2026-05-10 04:51:30 | INFO     | src.main:create_app:32 - Приложение FastAPI собрано (роутеры подключены)
2026-05-10 04:51:30 | INFO     | src.main:create_app:32 - Приложение FastAPI собрано (роутеры подключены)
2026-05-10 04:51:30 | INFO     | src.main:create_app:32 - Приложение FastAPI собрано (роутеры подключены)
2026-05-10 04:51:30 | WARNING  | src.api.deps:verify_api_key:14 - Попытка доступа с неправильным API ключом
2026-05-10 04:51:30 | INFO     | src.main:create_app:32 - Приложение FastAPI собрано (роутеры подключены)
2026-05-10 04:51:30 | WARNING  | src.api.deps:verify_api_key:14 - Попытка доступа с неправильным API ключом
2026-05-10 04:51:30 | INFO     | src.main:create_app:32 - Приложение FastAPI собрано (роутеры подключены)
2026-05-10 04:51:30 | INFO     | src.main:create_app:32 - Приложение FastAPI собрано (роутеры подключены)
2026-05-10 04:51:30 | INFO     | src.main:create_app:32 - Приложение FastAPI собрано (роутеры подключены)
2026-05-10 04:51:30 | INFO     | src.main:create_app:32 - Приложение FastAPI собрано (роутеры подключены)
2026-05-10 04:51:30 | INFO     | src.main:create_app:32 - Приложение FastAPI собрано (роутеры подключены)
2026-05-10 04:51:30 | INFO     | src.api.routers.files:create_file_view:41 - POST /files: загрузка 'listed.txt' с названием 'В каталоге'
2026-05-10 04:51:30 | INFO     | src.application.files:create_file:66 - Загрузка файла: 'listed.txt' (название: 'В каталоге')
2026-05-10 04:51:30 | INFO     | src.application.files:create_file:93 - Файл создан успешно: '3d35972c-088b-4e68-ba76-22b2f9786413' (2 байт)
2026-05-10 04:51:30 | INFO     | src.main:create_app:32 - Приложение FastAPI собрано (роутеры подключены)
2026-05-10 04:51:30 | INFO     | src.api.routers.files:create_file_view:41 - POST /files: загрузка 'one.txt' с названием 'Один'
2026-05-10 04:51:30 | INFO     | src.application.files:create_file:66 - Загрузка файла: 'one.txt' (название: 'Один')
2026-05-10 04:51:30 | INFO     | src.application.files:create_file:93 - Файл создан успешно: '54e2e656-5053-4cb5-85d3-4540067f0c93' (4 байт)
2026-05-10 04:51:30 | INFO     | src.main:create_app:32 - Приложение FastAPI собрано (роутеры подключены)
2026-05-10 04:51:30 | WARNING  | src.application.files:get_file:49 - Файл не найден: 00000000-0000-0000-0000-000000000000
2026-05-10 04:51:30 | INFO     | src.main:create_app:32 - Приложение FastAPI собрано (роутеры подключены)
2026-05-10 04:51:30 | INFO     | src.api.routers.files:create_file_view:41 - POST /files: загрузка 'f.txt' с названием 'Старое'
2026-05-10 04:51:30 | INFO     | src.application.files:create_file:66 - Загрузка файла: 'f.txt' (название: 'Старое')
2026-05-10 04:51:30 | INFO     | src.application.files:create_file:93 - Файл создан успешно: '8afd811c-84c2-4dce-a929-61c04269acbe' (1 байт)
2026-05-10 04:51:30 | INFO     | src.application.files:update_file:110 - Файл обновлён: '8afd811c-84c2-4dce-a929-61c04269acbe'
2026-05-10 04:51:30 | INFO     | src.main:create_app:32 - Приложение FastAPI собрано (роутеры подключены)
2026-05-10 04:51:30 | INFO     | src.api.routers.files:create_file_view:41 - POST /files: загрузка 'payload.bin' с названием 'Скачать'
2026-05-10 04:51:30 | INFO     | src.application.files:create_file:66 - Загрузка файла: 'payload.bin' (название: 'Скачать')
2026-05-10 04:51:30 | INFO     | src.application.files:create_file:93 - Файл создан успешно: '93b0fbbf-5e31-425e-b62d-8a64b20f5bc5' (3 байт)
2026-05-10 04:51:30 | INFO     | src.api.routers.files:download_file:100 - GET /files/93b0fbbf-5e31-425e-b62d-8a64b20f5bc5/download: запрос скачивания
2026-05-10 04:51:30 | INFO     | src.main:create_app:32 - Приложение FastAPI собрано (роутеры подключены)
2026-05-10 04:51:30 | INFO     | src.api.routers.files:create_file_view:41 - POST /files: загрузка 'del.txt' с названием 'Удалить'
2026-05-10 04:51:30 | INFO     | src.application.files:create_file:66 - Загрузка файла: 'del.txt' (название: 'Удалить')
2026-05-10 04:51:30 | INFO     | src.application.files:create_file:93 - Файл создан успешно: 'd123a5e0-5749-4bfa-800e-6a0c48dd093b' (1 байт)
2026-05-10 04:51:30 | WARNING  | src.api.routers.files:delete_file_view:120 - DELETE /files/d123a5e0-5749-4bfa-800e-6a0c48dd093b: запрос на удаление
2026-05-10 04:51:30 | INFO     | src.application.files:delete_file:119 - Удаление файла: 'd123a5e0-5749-4bfa-800e-6a0c48dd093b'
2026-05-10 04:51:31 | INFO     | src.main:create_app:32 - Приложение FastAPI собрано (роутеры подключены)
2026-05-10 04:51:31 | INFO     | src.api.routers.files:create_file_view:41 - POST /files: загрузка 'hello.txt' с названием 'Документ'
2026-05-10 04:51:31 | INFO     | src.application.files:create_file:66 - Загрузка файла: 'hello.txt' (название: 'Документ')
2026-05-10 04:51:31 | INFO     | src.application.files:create_file:93 - Файл создан успешно: '6ea05d8e-b126-48ab-a630-0b0e3aff1b87' (11 байт)
2026-05-10 04:51:31 | INFO     | src.main:create_app:32 - Приложение FastAPI собрано (роутеры подключены)
2026-05-10 04:51:31 | INFO     | src.api.routers.files:create_file_view:41 - POST /files: загрузка 'empty.txt' с названием 'Пустой'
2026-05-10 04:51:31 | INFO     | src.application.files:create_file:66 - Загрузка файла: 'empty.txt' (название: 'Пустой')
2026-05-10 04:51:31 | WARNING  | src.application.files:create_file:68 - Попытка загрузить пустой файл: 'empty.txt'
2026-05-10 04:51:31 | INFO     | src.main:create_app:32 - Приложение FastAPI собрано (роутеры подключены)
2026-05-10 04:51:31 | INFO     | src.api.routers.files:create_file_view:41 - POST /files: загрузка 'big.bin' с названием 'Большой'
2026-05-10 04:51:31 | INFO     | src.application.files:create_file:66 - Загрузка файла: 'big.bin' (название: 'Большой')
2026-05-10 04:51:31 | WARNING  | src.application.files:create_file:71 - Файл слишком большой: 10485761 байт (макс: 10485760)
2026-05-10 04:51:31 | INFO     | src.main:create_app:32 - Приложение FastAPI собрано (роутеры подключены)
2026-05-10 04:51:31 | WARNING  | src.api.deps:verify_api_key:14 - Попытка доступа с неправильным API ключом
2026-05-10 04:51:40 | INFO     | src.tasks:<module>:19 - Celery приложение инициализировано с брокером: redis://backend-redis:6379/0
2026-05-10 04:51:40 | INFO     | src.main:create_app:32 - Приложение FastAPI собрано (роутеры подключены)
2026-05-10 04:51:40 | INFO     | src.main:create_app:32 - Приложение FastAPI собрано (роутеры подключены)
2026-05-10 04:51:40 | INFO     | src.main:create_app:32 - Приложение FastAPI собрано (роутеры подключены)
2026-05-10 04:51:40 | INFO     | src.main:create_app:32 - Приложение FastAPI собрано (роутеры подключены)
2026-05-10 04:51:40 | WARNING  | src.api.deps:verify_api_key:14 - Попытка доступа с неправильным API ключом
2026-05-10 04:51:40 | INFO     | src.main:create_app:32 - Приложение FastAPI собрано (роутеры подключены)
2026-05-10 04:51:40 | WARNING  | src.api.deps:verify_api_key:14 - Попытка доступа с неправильным API ключом
2026-05-10 04:51:40 | INFO     | src.main:create_app:32 - Приложение FastAPI собрано (роутеры подключены)
2026-05-10 04:51:40 | INFO     | src.main:create_app:32 - Приложение FastAPI собрано (роутеры подключены)
2026-05-10 04:51:40 | INFO     | src.main:create_app:32 - Приложение FastAPI собрано (роутеры подключены)
2026-05-10 04:51:40 | INFO     | src.main:create_app:32 - Приложение FastAPI собрано (роутеры подключены)
2026-05-10 04:51:40 | INFO     | src.main:create_app:32 - Приложение FastAPI собрано (роутеры подключены)
2026-05-10 04:51:40 | INFO     | src.api.routers.files:create_file_view:41 - POST /files: загрузка 'listed.txt' с названием 'В каталоге'
2026-05-10 04:51:40 | INFO     | src.application.files:create_file:67 - Загрузка файла: 'listed.txt' (название: 'В каталоге')
2026-05-10 04:51:40 | INFO     | src.application.files:create_file:94 - Файл создан успешно: 'b3e0f065-a4be-4b59-81f5-c3fffe6fee14' (2 байт)
2026-05-10 04:51:40 | INFO     | src.main:create_app:32 - Приложение FastAPI собрано (роутеры подключены)
2026-05-10 04:51:40 | INFO     | src.api.routers.files:create_file_view:41 - POST /files: загрузка 'one.txt' с названием 'Один'
2026-05-10 04:51:40 | INFO     | src.application.files:create_file:67 - Загрузка файла: 'one.txt' (название: 'Один')
2026-05-10 04:51:40 | INFO     | src.application.files:create_file:94 - Файл создан успешно: 'a2410d84-8d05-4774-b8b2-6e38c5750235' (4 байт)
2026-05-10 04:51:40 | INFO     | src.main:create_app:32 - Приложение FastAPI собрано (роутеры подключены)
2026-05-10 04:51:40 | WARNING  | src.application.files:get_file:50 - Файл не найден: 00000000-0000-0000-0000-000000000000
2026-05-10 04:51:40 | INFO     | src.main:create_app:32 - Приложение FastAPI собрано (роутеры подключены)
2026-05-10 04:51:40 | INFO     | src.api.routers.files:create_file_view:41 - POST /files: загрузка 'f.txt' с названием 'Старое'
2026-05-10 04:51:40 | INFO     | src.application.files:create_file:67 - Загрузка файла: 'f.txt' (название: 'Старое')
2026-05-10 04:51:40 | INFO     | src.application.files:create_file:94 - Файл создан успешно: '556c43c7-2bf4-4106-a2d1-a8884ee057d2' (1 байт)
2026-05-10 04:51:40 | INFO     | src.application.files:update_file:111 - Файл обновлён: '556c43c7-2bf4-4106-a2d1-a8884ee057d2'
2026-05-10 04:51:40 | INFO     | src.main:create_app:32 - Приложение FastAPI собрано (роутеры подключены)
2026-05-10 04:51:40 | INFO     | src.api.routers.files:create_file_view:41 - POST /files: загрузка 'payload.bin' с названием 'Скачать'
2026-05-10 04:51:40 | INFO     | src.application.files:create_file:67 - Загрузка файла: 'payload.bin' (название: 'Скачать')
2026-05-10 04:51:41 | INFO     | src.application.files:create_file:94 - Файл создан успешно: '7e7f5d9c-1df0-4808-b80d-b9616d0679b5' (3 байт)
2026-05-10 04:51:41 | INFO     | src.api.routers.files:download_file:100 - GET /files/7e7f5d9c-1df0-4808-b80d-b9616d0679b5/download: запрос скачивания
2026-05-10 04:51:41 | INFO     | src.main:create_app:32 - Приложение FastAPI собрано (роутеры подключены)
2026-05-10 04:51:41 | INFO     | src.api.routers.files:create_file_view:41 - POST /files: загрузка 'del.txt' с названием 'Удалить'
2026-05-10 04:51:41 | INFO     | src.application.files:create_file:67 - Загрузка файла: 'del.txt' (название: 'Удалить')
2026-05-10 04:51:41 | INFO     | src.application.files:create_file:94 - Файл создан успешно: '8cda54a5-3de6-45fe-9a78-94e27f29eea5' (1 байт)
2026-05-10 04:51:41 | WARNING  | src.api.routers.files:delete_file_view:120 - DELETE /files/8cda54a5-3de6-45fe-9a78-94e27f29eea5: запрос на удаление
2026-05-10 04:51:41 | INFO     | src.application.files:delete_file:120 - Удаление файла: '8cda54a5-3de6-45fe-9a78-94e27f29eea5'
2026-05-10 04:51:41 | INFO     | src.application.files:delete_file:131 - Файл удалён успешно: '8cda54a5-3de6-45fe-9a78-94e27f29eea5'
2026-05-10 04:51:41 | WARNING  | src.application.files:get_file:50 - Файл не найден: 8cda54a5-3de6-45fe-9a78-94e27f29eea5
2026-05-10 04:51:41 | INFO     | src.main:create_app:32 - Приложение FastAPI собрано (роутеры подключены)
2026-05-10 04:51:41 | INFO     | src.api.routers.files:create_file_view:41 - POST /files: загрузка 'hello.txt' с названием 'Документ'
2026-05-10 04:51:41 | INFO     | src.application.files:create_file:67 - Загрузка файла: 'hello.txt' (название: 'Документ')
2026-05-10 04:51:41 | INFO     | src.application.files:create_file:94 - Файл создан успешно: '0f4b90bc-7b12-42c6-bc41-8d9fb466c715' (11 байт)
2026-05-10 04:51:41 | INFO     | src.main:create_app:32 - Приложение FastAPI собрано (роутеры подключены)
2026-05-10 04:51:41 | INFO     | src.api.routers.files:create_file_view:41 - POST /files: загрузка 'empty.txt' с названием 'Пустой'
2026-05-10 04:51:41 | INFO     | src.application.files:create_file:67 - Загрузка файла: 'empty.txt' (название: 'Пустой')
2026-05-10 04:51:41 | WARNING  | src.application.files:create_file:69 - Попытка загрузить пустой файл: 'empty.txt'
2026-05-10 04:51:41 | INFO     | src.main:create_app:32 - Приложение FastAPI собрано (роутеры подключены)
2026-05-10 04:51:41 | INFO     | src.api.routers.files:create_file_view:41 - POST /files: загрузка 'big.bin' с названием 'Большой'
2026-05-10 04:51:41 | INFO     | src.application.files:create_file:67 - Загрузка файла: 'big.bin' (название: 'Большой')
2026-05-10 04:51:41 | WARNING  | src.application.files:create_file:72 - Файл слишком большой: 10485761 байт (макс: 10485760)
2026-05-10 04:51:41 | INFO     | src.main:create_app:32 - Приложение FastAPI собрано (роутеры подключены)
2026-05-10 04:51:41 | WARNING  | src.api.deps:verify_api_key:14 - Попытка доступа с неправильным API ключом
2026-05-10 04:51:50 | INFO     | src.tasks:<module>:19 - Celery приложение инициализировано с брокером: redis://backend-redis:6379/0
2026-05-10 04:51:50 | INFO     | src.main:create_app:32 - Приложение FastAPI собрано (роутеры подключены)
2026-05-10 04:51:50 | INFO     | src.main:create_app:32 - Приложение FastAPI собрано (роутеры подключены)
2026-05-10 04:51:50 | INFO     | src.main:create_app:32 - Приложение FastAPI собрано (роутеры подключены)
2026-05-10 04:51:50 | INFO     | src.main:create_app:32 - Приложение FastAPI собрано (роутеры подключены)
2026-05-10 04:51:50 | WARNING  | src.api.deps:verify_api_key:14 - Попытка доступа с неправильным API ключом
2026-05-10 04:51:50 | INFO     | src.main:create_app:32 - Приложение FastAPI собрано (роутеры подключены)
2026-05-10 04:51:50 | WARNING  | src.api.deps:verify_api_key:14 - Попытка доступа с неправильным API ключом
2026-05-10 04:51:50 | INFO     | src.main:create_app:32 - Приложение FastAPI собрано (роутеры подключены)
2026-05-10 04:51:50 | INFO     | src.main:create_app:32 - Приложение FastAPI собрано (роутеры подключены)
2026-05-10 04:51:50 | INFO     | src.main:create_app:32 - Приложение FastAPI собрано (роутеры подключены)
2026-05-10 04:51:50 | INFO     | src.main:create_app:32 - Приложение FastAPI собрано (роутеры подключены)
2026-05-10 04:51:50 | INFO     | src.main:create_app:32 - Приложение FastAPI собрано (роутеры подключены)
2026-05-10 04:51:50 | INFO     | src.api.routers.files:create_file_view:41 - POST /files: загрузка 'listed.txt' с названием 'В каталоге'
2026-05-10 04:51:50 | INFO     | src.application.files:create_file:67 - Загрузка файла: 'listed.txt' (название: 'В каталоге')
2026-05-10 04:51:50 | INFO     | src.application.files:create_file:94 - Файл создан успешно: 'a21d04cc-a5d0-4211-b540-570f722f30e5' (2 байт)
2026-05-10 04:51:50 | INFO     | src.main:create_app:32 - Приложение FastAPI собрано (роутеры подключены)
2026-05-10 04:51:50 | INFO     | src.api.routers.files:create_file_view:41 - POST /files: загрузка 'one.txt' с названием 'Один'
2026-05-10 04:51:50 | INFO     | src.application.files:create_file:67 - Загрузка файла: 'one.txt' (название: 'Один')
2026-05-10 04:51:50 | INFO     | src.application.files:create_file:94 - Файл создан успешно: 'bd79fbc6-1e6c-489a-aa01-8575a39c0c83' (4 байт)
2026-05-10 04:51:51 | INFO     | src.main:create_app:32 - Приложение FastAPI собрано (роутеры подключены)
2026-05-10 04:51:51 | WARNING  | src.application.files:get_file:50 - Файл не найден: 00000000-0000-0000-0000-000000000000
2026-05-10 04:51:51 | INFO     | src.main:create_app:32 - Приложение FastAPI собрано (роутеры подключены)
2026-05-10 04:51:51 | INFO     | src.api.routers.files:create_file_view:41 - POST /files: загрузка 'f.txt' с названием 'Старое'
2026-05-10 04:51:51 | INFO     | src.application.files:create_file:67 - Загрузка файла: 'f.txt' (название: 'Старое')
2026-05-10 04:51:51 | INFO     | src.application.files:create_file:94 - Файл создан успешно: 'd4a37efe-f288-420d-a05e-e78fea8ebbec' (1 байт)
2026-05-10 04:51:51 | INFO     | src.application.files:update_file:111 - Файл обновлён: 'd4a37efe-f288-420d-a05e-e78fea8ebbec'
2026-05-10 04:51:51 | INFO     | src.main:create_app:32 - Приложение FastAPI собрано (роутеры подключены)
2026-05-10 04:51:51 | INFO     | src.api.routers.files:create_file_view:41 - POST /files: загрузка 'payload.bin' с названием 'Скачать'
2026-05-10 04:51:51 | INFO     | src.application.files:create_file:67 - Загрузка файла: 'payload.bin' (название: 'Скачать')
2026-05-10 04:51:51 | INFO     | src.application.files:create_file:94 - Файл создан успешно: '90b59219-686e-48b4-9db9-1abf822c4b15' (3 байт)
2026-05-10 04:51:51 | INFO     | src.api.routers.files:download_file:100 - GET /files/90b59219-686e-48b4-9db9-1abf822c4b15/download: запрос скачивания
2026-05-10 04:51:51 | INFO     | src.main:create_app:32 - Приложение FastAPI собрано (роутеры подключены)
2026-05-10 04:51:51 | INFO     | src.api.routers.files:create_file_view:41 - POST /files: загрузка 'del.txt' с названием 'Удалить'
2026-05-10 04:51:51 | INFO     | src.application.files:create_file:67 - Загрузка файла: 'del.txt' (название: 'Удалить')
2026-05-10 04:51:51 | INFO     | src.application.files:create_file:94 - Файл создан успешно: '56e269b0-928b-420e-a3af-bb59136a3908' (1 байт)
2026-05-10 04:51:51 | WARNING  | src.api.routers.files:delete_file_view:120 - DELETE /files/56e269b0-928b-420e-a3af-bb59136a3908: запрос на удаление
2026-05-10 04:51:51 | INFO     | src.application.files:delete_file:120 - Удаление файла: '56e269b0-928b-420e-a3af-bb59136a3908'
2026-05-10 04:51:51 | INFO     | src.application.files:delete_file:131 - Файл удалён успешно: '56e269b0-928b-420e-a3af-bb59136a3908'
2026-05-10 04:51:51 | WARNING  | src.application.files:get_file:50 - Файл не найден: 56e269b0-928b-420e-a3af-bb59136a3908
2026-05-10 04:51:51 | INFO     | src.main:create_app:32 - Приложение FastAPI собрано (роутеры подключены)
2026-05-10 04:51:51 | INFO     | src.api.routers.files:create_file_view:41 - POST /files: загрузка 'hello.txt' с названием 'Документ'
2026-05-10 04:51:51 | INFO     | src.application.files:create_file:67 - Загрузка файла: 'hello.txt' (название: 'Документ')
2026-05-10 04:51:51 | INFO     | src.application.files:create_file:94 - Файл создан успешно: '549985ba-b3bc-4f65-801d-3ee45d954400' (11 байт)
2026-05-10 04:51:51 | INFO     | src.main:create_app:32 - Приложение FastAPI собрано (роутеры подключены)
2026-05-10 04:51:51 | INFO     | src.api.routers.files:create_file_view:41 - POST /files: загрузка 'empty.txt' с названием 'Пустой'
2026-05-10 04:51:51 | INFO     | src.application.files:create_file:67 - Загрузка файла: 'empty.txt' (название: 'Пустой')
2026-05-10 04:51:51 | WARNING  | src.application.files:create_file:69 - Попытка загрузить пустой файл: 'empty.txt'
2026-05-10 04:51:51 | INFO     | src.main:create_app:32 - Приложение FastAPI собрано (роутеры подключены)
2026-05-10 04:51:51 | INFO     | src.api.routers.files:create_file_view:41 - POST /files: загрузка 'big.bin' с названием 'Большой'
2026-05-10 04:51:51 | INFO     | src.application.files:create_file:67 - Загрузка файла: 'big.bin' (название: 'Большой')
2026-05-10 04:51:51 | WARNING  | src.application.files:create_file:72 - Файл слишком большой: 10485761 байт (макс: 10485760)
2026-05-10 04:51:51 | INFO     | src.main:create_app:32 - Приложение FastAPI собрано (роутеры подключены)
2026-05-10 04:51:51 | WARNING  | src.api.deps:verify_api_key:14 - Попытка доступа с неправильным API ключом
2026-06-28 19:23:28 | INFO     | src.tasks.celery_tasks:<module>:15 - Celery приложение инициализировано с брокером: redis://backend-redis:6379/0
2026-06-28 19:23:28 | INFO     | src.main:create_app:32 - Приложение FastAPI собрано (роутеры подключены)
2026-06-28 19:23:28 | INFO     | src.main:create_app:32 - Приложение FastAPI собрано (роутеры подключены)
2026-06-28 19:23:28 | INFO     | src.main:create_app:32 - Приложение FastAPI собрано (роутеры подключены)
2026-06-28 19:23:28 | INFO     | src.main:create_app:32 - Приложение FastAPI собрано (роутеры подключены)
2026-06-28 19:23:28 | WARNING  | src.api.deps:verify_api_key:14 - Попытка доступа с неправильным API ключом
2026-06-28 19:23:28 | INFO     | src.main:create_app:32 - Приложение FastAPI собрано (роутеры подключены)
2026-06-28 19:23:28 | WARNING  | src.api.deps:verify_api_key:14 - Попытка доступа с неправильным API ключом
2026-06-28 19:23:28 | INFO     | src.main:create_app:32 - Приложение FastAPI собрано (роутеры подключены)
2026-06-28 19:23:28 | INFO     | src.main:create_app:32 - Приложение FastAPI собрано (роутеры подключены)
2026-06-28 19:23:28 | INFO     | src.main:create_app:32 - Приложение FastAPI собрано (роутеры подключены)
2026-06-28 19:23:28 | INFO     | src.main:create_app:32 - Приложение FastAPI собрано (роутеры подключены)
2026-06-28 19:23:28 | INFO     | src.main:create_app:32 - Приложение FastAPI собрано (роутеры подключены)
2026-06-28 19:23:28 | INFO     | src.api.routers.files:create_file_view:49 - POST /files: загрузка 'listed.txt' с названием 'В каталоге'
2026-06-28 19:23:28 | INFO     | src.application.services.file_service:create_file:58 - Загрузка файла: 'listed.txt' (название: 'В каталоге')
2026-06-28 19:23:28 | INFO     | src.application.services.file_service:create_file:92 - Файл создан успешно: 'bf416809-9568-4c6d-a44f-55adab6baac4' (2 байт)
2026-06-28 19:23:28 | INFO     | src.main:create_app:32 - Приложение FastAPI собрано (роутеры подключены)
2026-06-28 19:23:28 | INFO     | src.api.routers.files:create_file_view:49 - POST /files: загрузка 'one.txt' с названием 'Один'
2026-06-28 19:23:28 | INFO     | src.application.services.file_service:create_file:58 - Загрузка файла: 'one.txt' (название: 'Один')
2026-06-28 19:23:28 | INFO     | src.application.services.file_service:create_file:92 - Файл создан успешно: '179b305c-926d-47a7-b63f-959dc8112a27' (4 байт)
2026-06-28 19:23:28 | INFO     | src.main:create_app:32 - Приложение FastAPI собрано (роутеры подключены)
2026-06-28 19:23:28 | WARNING  | src.application.services.file_service:get_file:42 - Файл не найден: 00000000-0000-0000-0000-000000000000
2026-06-28 19:23:28 | INFO     | src.main:create_app:32 - Приложение FastAPI собрано (роутеры подключены)
2026-06-28 19:23:28 | INFO     | src.api.routers.files:create_file_view:49 - POST /files: загрузка 'f.txt' с названием 'Старое'
2026-06-28 19:23:28 | INFO     | src.application.services.file_service:create_file:58 - Загрузка файла: 'f.txt' (название: 'Старое')
2026-06-28 19:23:28 | INFO     | src.application.services.file_service:create_file:92 - Файл создан успешно: '8c63fb42-f6a6-4d3f-b702-67c07f2d540b' (1 байт)
2026-06-28 19:23:28 | INFO     | src.application.services.file_service:update_file:109 - Файл обновлён: '8c63fb42-f6a6-4d3f-b702-67c07f2d540b'
2026-06-28 19:23:28 | INFO     | src.main:create_app:32 - Приложение FastAPI собрано (роутеры подключены)
2026-06-28 19:23:28 | INFO     | src.api.routers.files:create_file_view:49 - POST /files: загрузка 'payload.bin' с названием 'Скачать'
2026-06-28 19:23:28 | INFO     | src.application.services.file_service:create_file:58 - Загрузка файла: 'payload.bin' (название: 'Скачать')
2026-06-28 19:23:28 | INFO     | src.application.services.file_service:create_file:92 - Файл создан успешно: 'b48f4b39-a67e-454d-9e09-a1158e16c852' (3 байт)
2026-06-28 19:23:28 | INFO     | src.api.routers.files:download_file:111 - GET /files/b48f4b39-a67e-454d-9e09-a1158e16c852/download: запрос скачивания
2026-06-28 19:23:29 | INFO     | src.main:create_app:32 - Приложение FastAPI собрано (роутеры подключены)
2026-06-28 19:23:29 | INFO     | src.api.routers.files:create_file_view:49 - POST /files: загрузка 'del.txt' с названием 'Удалить'
2026-06-28 19:23:29 | INFO     | src.application.services.file_service:create_file:58 - Загрузка файла: 'del.txt' (название: 'Удалить')
2026-06-28 19:23:29 | INFO     | src.application.services.file_service:create_file:92 - Файл создан успешно: '402c794b-4a4e-4da0-b295-c11acd544a32' (1 байт)
2026-06-28 19:23:29 | WARNING  | src.api.routers.files:delete_file_view:132 - DELETE /files/402c794b-4a4e-4da0-b295-c11acd544a32: запрос на удаление
2026-06-28 19:23:29 | INFO     | src.application.services.file_service:delete_file:116 - Удаление файла: '402c794b-4a4e-4da0-b295-c11acd544a32'
2026-06-28 19:23:29 | INFO     | src.application.services.file_service:delete_file:124 - Файл удалён успешно: '402c794b-4a4e-4da0-b295-c11acd544a32'
2026-06-28 19:23:29 | WARNING  | src.application.services.file_service:get_file:42 - Файл не найден: 402c794b-4a4e-4da0-b295-c11acd544a32
2026-06-28 19:23:29 | INFO     | src.main:create_app:32 - Приложение FastAPI собрано (роутеры подключены)
2026-06-28 19:23:29 | INFO     | src.api.routers.files:create_file_view:49 - POST /files: загрузка 'hello.txt' с названием 'Документ'
2026-06-28 19:23:29 | INFO     | src.application.services.file_service:create_file:58 - Загрузка файла: 'hello.txt' (название: 'Документ')
2026-06-28 19:23:29 | INFO     | src.application.services.file_service:create_file:92 - Файл создан успешно: '8f5b8454-212f-4cfc-921e-1bf1d8df409f' (11 байт)
2026-06-28 19:23:29 | INFO     | src.main:create_app:32 - Приложение FastAPI собрано (роутеры подключены)
2026-06-28 19:23:29 | INFO     | src.api.routers.files:create_file_view:49 - POST /files: загрузка 'empty.txt' с названием 'Пустой'
2026-06-28 19:23:29 | INFO     | src.application.services.file_service:create_file:58 - Загрузка файла: 'empty.txt' (название: 'Пустой')
2026-06-28 19:23:29 | WARNING  | src.application.services.file_service:create_file:60 - Попытка загрузить пустой файл: 'empty.txt'
2026-06-28 19:23:29 | INFO     | src.main:create_app:32 - Приложение FastAPI собрано (роутеры подключены)
2026-06-28 19:23:29 | INFO     | src.api.routers.files:create_file_view:49 - POST /files: загрузка 'big.bin' с названием 'Большой'
2026-06-28 19:23:29 | INFO     | src.application.services.file_service:create_file:58 - Загрузка файла: 'big.bin' (название: 'Большой')
2026-06-28 19:23:29 | WARNING  | src.application.services.file_service:create_file:63 - Файл слишком большой: 10485761 байт (макс: 10485760)
2026-06-28 19:23:29 | INFO     | src.main:create_app:32 - Приложение FastAPI собрано (роутеры подключены)
2026-06-28 19:23:29 | WARNING  | src.api.deps:verify_api_key:14 - Попытка доступа с неправильным API ключом
2026-06-28 19:44:30 | INFO     | src.tasks.celery_tasks:<module>:15 - Celery приложение инициализировано с брокером: redis://backend-redis:6379/0
2026-06-28 19:44:30 | INFO     | src.main:create_app:32 - Приложение FastAPI собрано (роутеры подключены)
2026-06-28 19:44:31 | INFO     | src.tasks.celery_tasks:<module>:15 - Celery приложение инициализировано с брокером: redis://backend-redis:6379/0
2026-06-28 19:44:31 | INFO     | src.main:create_app:32 - Приложение FastAPI собрано (роутеры подключены)
2026-06-28 13:58:59 | INFO     | src.tasks.celery_tasks:<module>:15 - Celery приложение инициализировано с брокером: redis://backend-redis:6379/0
2026-06-28 13:59:00 | INFO     | src.tasks.celery_tasks:<module>:15 - Celery приложение инициализировано с брокером: redis://backend-redis:6379/0
2026-06-28 13:59:00 | INFO     | src.main:create_app:32 - Приложение FastAPI собрано (роутеры подключены)
2026-06-28 13:59:07 | INFO     | src.tasks.celery_tasks:<module>:15 - Celery приложение инициализировано с брокером: redis://backend-redis:6379/0
2026-06-28 13:59:07 | INFO     | src.main:create_app:32 - Приложение FastAPI собрано (роутеры подключены)
2026-06-28 14:06:43 | INFO     | src.tasks.celery_tasks:<module>:15 - Celery приложение инициализировано с брокером: redis://backend-redis:6379/0
2026-06-28 14:06:43 | INFO     | src.tasks.celery_tasks:<module>:15 - Celery приложение инициализировано с брокером: redis://backend-redis:6379/0
2026-06-28 14:06:43 | INFO     | src.main:create_app:32 - Приложение FastAPI собрано (роутеры подключены)
2026-06-28 14:06:49 | INFO     | src.tasks.celery_tasks:<module>:15 - Celery приложение инициализировано с брокером: redis://backend-redis:6379/0
2026-06-28 14:06:49 | INFO     | src.main:create_app:32 - Приложение FastAPI собрано (роутеры подключены)
2026-06-28 14:14:02 | INFO     | src.tasks.celery_tasks:<module>:15 - Celery приложение инициализировано с брокером: redis://backend-redis:6379/0
2026-06-28 14:14:02 | INFO     | src.main:create_app:33 - Приложение FastAPI собрано (роутеры подключены)
2026-06-28 14:14:23 | INFO     | src.tasks.celery_tasks:<module>:15 - Celery приложение инициализировано с брокером: redis://backend-redis:6379/0
2026-06-28 14:14:23 | INFO     | src.main:create_app:33 - Приложение FastAPI собрано (роутеры подключены)
2026-06-28 14:14:27 | INFO     | src.tasks.celery_tasks:<module>:15 - Celery приложение инициализировано с брокером: redis://backend-redis:6379/0
2026-06-28 14:14:27 | INFO     | src.main:create_app:33 - Приложение FastAPI собрано (роутеры подключены)
2026-06-28 14:19:26 | INFO     | src.tasks.celery_tasks:<module>:15 - Celery приложение инициализировано с брокером: redis://backend-redis:6379/0
2026-06-28 14:19:26 | INFO     | src.main:create_app:33 - Приложение FastAPI собрано (роутеры подключены)
2026-06-28 14:19:30 | INFO     | src.tasks.celery_tasks:<module>:15 - Celery приложение инициализировано с брокером: redis://backend-redis:6379/0
2026-06-28 14:19:30 | INFO     | src.main:create_app:33 - Приложение FastAPI собрано (роутеры подключены)
2026-06-28 14:30:33 | INFO     | src.tasks.celery_tasks:<module>:15 - Celery приложение инициализировано с брокером: redis://backend-redis:6379/0
2026-06-28 14:30:33 | INFO     | src.main:create_app:33 - Приложение FastAPI собрано (роутеры подключены)
2026-06-28 14:30:37 | INFO     | src.tasks.celery_tasks:<module>:15 - Celery приложение инициализировано с брокером: redis://backend-redis:6379/0
2026-06-28 14:30:37 | INFO     | src.main:create_app:33 - Приложение FastAPI собрано (роутеры подключены)
